[debug] [2019-08-23T01:23:24.487Z] ----------------------------------------------------------------------
[debug] [2019-08-23T01:23:24.488Z] Command:       /usr/local/Cellar/node/12.6.0/bin/node /usr/local/bin/firebase init
[debug] [2019-08-23T01:23:24.488Z] CLI Version:   7.2.4
[debug] [2019-08-23T01:23:24.488Z] Platform:      darwin
[debug] [2019-08-23T01:23:24.488Z] Node Version:  v12.6.0
[debug] [2019-08-23T01:23:24.489Z] Time:          Thu Aug 22 2019 21:23:24 GMT-0400 (Eastern Daylight Time)
[debug] [2019-08-23T01:23:24.489Z] ----------------------------------------------------------------------
[debug] 
[debug] [2019-08-23T01:23:24.494Z] > command requires scopes: ["email","openid","https://www.googleapis.com/auth/cloudplatformprojects.readonly","https://www.googleapis.com/auth/firebase","https://www.googleapis.com/auth/cloud-platform"]
[debug] [2019-08-23T01:23:24.494Z] > authorizing via signed-in user
[info] 
     ######## #### ########  ######## ########     ###     ######  ########
     ##        ##  ##     ## ##       ##     ##  ##   ##  ##       ##
     ######    ##  ########  ######   ########  #########  ######  ######
     ##        ##  ##    ##  ##       ##     ## ##     ##       ## ##
     ##       #### ##     ## ######## ########  ##     ##  ######  ########

You're about to initialize a Firebase project in this directory:

  /Users/christopheryuan/Development/code/mod-5/plan-it-app/plan-it-client

[info] 
=== Project Setup
[info] 
[info] First, let's associate this project directory with a Firebase project.
[info] You can create multiple project aliases by running firebase use --add, 
[info] but for now we'll just set up a default project.
[info] 
[debug] [2019-08-23T01:24:21.927Z] > refreshing access token with scopes: ["email","https://www.googleapis.com/auth/cloud-platform","https://www.googleapis.com/auth/cloudplatformprojects.readonly","https://www.googleapis.com/auth/firebase","openid"]
[debug] [2019-08-23T01:24:21.927Z] >>> HTTP REQUEST POST https://www.googleapis.com/oauth2/v3/token  
 <request body omitted>
[debug] [2019-08-23T01:24:22.135Z] <<< HTTP RESPONSE 200
[debug] [2019-08-23T01:24:22.149Z] >>> HTTP REQUEST GET https://firebase.googleapis.com/v1beta1/projects?pageSize=100  
 
[debug] [2019-08-23T01:24:22.578Z] <<< HTTP RESPONSE 200
[info] i  Using project plan-it-d1e2e (plan-it)
[info] 
=== Database Setup
[info] 
[info] Firebase Realtime Database Rules allow you to define how your data should be
[info] structured and when your data can be read from and written to.
[info] 
[debug] [2019-08-23T01:24:30.169Z] >>> HTTP REQUEST GET https://plan-it-d1e2e.firebaseio.com/.settings/rules.json  
 
[debug] [2019-08-23T01:24:30.771Z] <<< HTTP RESPONSE 200
[debug] [2019-08-23T01:24:30.891Z] Error: EISDIR: illegal operation on a directory, open '/Users/christopheryuan/Development/code/mod-5/plan-it-app/plan-it-client'
    at Object.openSync (fs.js:447:3)
    at Object.writeFileSync (fs.js:1206:35)
    at Config.writeProjectFile (/usr/local/lib/node_modules/firebase-tools/lib/config.js:179:8)
    at /usr/local/lib/node_modules/firebase-tools/lib/init/features/database.js:25:23
    at processTicksAndRejections (internal/process/task_queues.js:85:5)
[error] 
[error] Error: An unexpected error has occurred.
[debug] [2019-08-23T01:24:46.032Z] ----------------------------------------------------------------------
[debug] [2019-08-23T01:24:46.034Z] Command:       /usr/local/Cellar/node/12.6.0/bin/node /usr/local/bin/firebase init
[debug] [2019-08-23T01:24:46.034Z] CLI Version:   7.2.4
[debug] [2019-08-23T01:24:46.034Z] Platform:      darwin
[debug] [2019-08-23T01:24:46.034Z] Node Version:  v12.6.0
[debug] [2019-08-23T01:24:46.035Z] Time:          Thu Aug 22 2019 21:24:46 GMT-0400 (Eastern Daylight Time)
[debug] [2019-08-23T01:24:46.035Z] ----------------------------------------------------------------------
[debug] 
[debug] [2019-08-23T01:24:46.040Z] > command requires scopes: ["email","openid","https://www.googleapis.com/auth/cloudplatformprojects.readonly","https://www.googleapis.com/auth/firebase","https://www.googleapis.com/auth/cloud-platform"]
[debug] [2019-08-23T01:24:46.040Z] > authorizing via signed-in user
[info] 
     ######## #### ########  ######## ########     ###     ######  ########
     ##        ##  ##     ## ##       ##     ##  ##   ##  ##       ##
     ######    ##  ########  ######   ########  #########  ######  ######
     ##        ##  ##    ##  ##       ##     ## ##     ##       ## ##
     ##       #### ##     ## ######## ########  ##     ##  ######  ########

You're about to initialize a Firebase project in this directory:

  /Users/christopheryuan/Development/code/mod-5/plan-it-app/plan-it-client

[info] 
=== Project Setup
[info] 
[info] First, let's associate this project directory with a Firebase project.
[info] You can create multiple project aliases by running firebase use --add, 
[info] but for now we'll just set up a default project.
[info] 
[debug] [2019-08-23T01:25:00.690Z] >>> HTTP REQUEST GET https://firebase.googleapis.com/v1beta1/projects?pageSize=100  
 
[debug] [2019-08-23T01:25:01.290Z] <<< HTTP RESPONSE 200
[info] i  Using project plan-it-d1e2e (plan-it)
[info] 
=== Functions Setup
[info] 
[info] A functions directory will be created in your project with a Node.js
[info] package pre-configured. Functions can be deployed with firebase deploy.
[info] 
[debug] [2019-08-23T01:25:01.308Z] > command requires scopes: ["email","openid","https://www.googleapis.com/auth/cloudplatformprojects.readonly","https://www.googleapis.com/auth/firebase","https://www.googleapis.com/auth/cloud-platform"]
[debug] [2019-08-23T01:25:01.308Z] > authorizing via signed-in user
[debug] [2019-08-23T01:25:01.309Z] >>> HTTP REQUEST GET https://firebase.googleapis.com/v1beta1/projects/plan-it-d1e2e  
 
[debug] [2019-08-23T01:25:01.938Z] <<< HTTP RESPONSE 200
[debug] [2019-08-23T01:25:01.942Z] >>> HTTP REQUEST POST https://serviceusage.googleapis.com/v1/projects/plan-it-d1e2e/services/cloudfunctions.googleapis.com:enable  
 
[debug] [2019-08-23T01:25:01.943Z] >>> HTTP REQUEST POST https://serviceusage.googleapis.com/v1/projects/plan-it-d1e2e/services/runtimeconfig.googleapis.com:enable  
 
[debug] [2019-08-23T01:25:02.412Z] <<< HTTP RESPONSE 200
[debug] [2019-08-23T01:25:02.414Z] <<< HTTP RESPONSE 200
[info] ✔  Wrote functions/package.json
[info] ✔  Wrote functions/.eslintrc.json
[info] ✔  Wrote functions/index.js
[info] ✔  Wrote functions/.gitignore
[info] 
=== Hosting Setup
[info] 
[info] Your public directory is the folder (relative to your project directory) that
[info] will contain Hosting assets to be uploaded with firebase deploy. If you
[info] have a build process for your assets, use your build's output directory.
[info] 
